[   0.00001] ghc.info: ghc
[   0.00037] process.0.start: cwd=/tmp ghc --info
[   0.03921] docspec.component: trisagion-0.1.0.0 lib
[   0.03978] docspec.phase1: Trisagion.Typeclasses.Streamable: /home/goncalo/public/repos/trisagion/./src/Trisagion/Typeclasses/Streamable.hs
[   0.04012] docspec.phase1: Trisagion.Typeclasses.HasOffset: /home/goncalo/public/repos/trisagion/./src/Trisagion/Typeclasses/HasOffset.hs
[   0.04042] docspec.phase1: Trisagion.Typeclasses.Splittable: /home/goncalo/public/repos/trisagion/./src/Trisagion/Typeclasses/Splittable.hs
[   0.04076] docspec.phase1: Trisagion.Types.ErrorItem: /home/goncalo/public/repos/trisagion/./src/Trisagion/Types/ErrorItem.hs
[   0.04104] docspec.phase1: Trisagion.Types.ParseError: /home/goncalo/public/repos/trisagion/./src/Trisagion/Types/ParseError.hs
[   0.04133] docspec.phase1: Trisagion.Streams.Offset: /home/goncalo/public/repos/trisagion/./src/Trisagion/Streams/Offset.hs
[   0.04170] docspec.phase1: Trisagion.Parser: /home/goncalo/public/repos/trisagion/./src/Trisagion/Parser.hs
[   0.04196] docspec.phase1: Trisagion.Parsers.Combinators: /home/goncalo/public/repos/trisagion/./src/Trisagion/Parsers/Combinators.hs
[   0.14437] docspec.phase2: Trisagion.Typeclasses.Streamable
[   0.16128] warning[-Wskipped-property]: in comment at 41:1 skipping monotoList == toList
[   0.16157] warning[-Wskipped-property]: in comment at 41:1 skipping toList == maybe [] (\ (x, xs) -> x : toList xs) . uncons
[   0.16188] docspec.phase2: Trisagion.Typeclasses.Splittable
[   0.17031] warning[-Wskipped-property]: in comment at 39:1 skipping singleton == toList . single
[   0.17060] warning[-Wskipped-property]: in comment at 39:1 skipping bimap monotoList toList . splitPrefix n == splitPrefix n . toList
[   0.17090] warning[-Wskipped-property]: in comment at 39:1 skipping bimap monotoList toList . splitWith p == span p . toList
[   0.17121] warning[-Wskipped-property]: in comment at 39:1 skipping maybe [] (fmap (bimap singleton toList)) . uncons == bimap monotoList toList . splitPrefix 1
[   0.17165] docspec.phase2: Trisagion.Parser
[   0.17974] warning[-Wskipped-property]: in comment at 181:1 skipping first f . pure == pure
[   0.18003] warning[-Wskipped-property]: in comment at 181:1 skipping (first f p) <*> (first f q) == first f (p <*> q)
[   0.18033] warning[-Wskipped-property]: in comment at 181:1 skipping (first f p) >>= (first f .  h) == first f (p >>= h)
[   0.18062] warning[-Wskipped-property]: in comment at 181:1 skipping first f empty == empty
[   0.18086] warning[-Wskipped-property]: in comment at 181:1 skipping (first f p) <|> (first f q) == first f (p <|> q)
[   0.18512] warning[-Wskipped-property]: in comment at 245:1 skipping pure x <|> p == pure x
[   0.18541] warning[-Wskipped-property]: in comment at 245:1 skipping empty <*> p == empty
[   0.18561] warning[-Wskipped-property]: in comment at 245:1 skipping empty >>= h == empty
[   0.18584] warning[-Wskipped-property]: in comment at 245:1 skipping f <*> (x <|> y) == (f <*> x) <|> (f <*> y)
[   0.21142] warning[-Wskipped-property]: in comment at 339:1 skipping get *> get == get
[   0.45174] docspec.phase2: Trisagion.Parsers.Combinators
[   0.46308] error: parse (optional (matchOne '0')) (initialize "0123")
[   0.46333] error: in comment at 50:1
expected: Right (Just '0',Counter 1 "123")
 but got: 
          ^
          <interactive>:220:1: error: [GHC-88464]
              Variable not in scope:
                parse
                  :: Trisagion.Parser.Parser s0 GHC.Base.Void (Maybe a0) -> t0 -> t
          
          <interactive>:220:18: error: [GHC-88464]
              Variable not in scope:
                matchOne :: Char -> Trisagion.Parser.Parser s0 e0 a0
          
          <interactive>:220:34: error: [GHC-88464]
              Variable not in scope: initialize :: String -> t0

[   0.47211] error: parse (failIff (matchOne '1')) (initialize "0123")
[   0.47232] error: in comment at 70:1
expected: Right ((),Counter 0 "0123")
 but got: 
          ^
          <interactive>:226:1: error: [GHC-88464]
              Variable not in scope:
                parse :: Trisagion.Parser.Parser s0 e0 () -> t0 -> t
          
          <interactive>:226:17: error: [GHC-88464]
              Variable not in scope:
                matchOne :: Char -> Trisagion.Parser.Parser s0 e0 a0
          
          <interactive>:226:33: error: [GHC-88464]
              Variable not in scope: initialize :: String -> t0

[   0.48513] error: parse (between (matchOne '{') (matchOne '}') (first (fmap absurd) one)) (initialize "{1}3")
[   0.48546] error: in comment at 103:1
expected: Right ('1',Counter 3 "3")
 but got: 
          ^
          <interactive>:232:1: error: [GHC-88464]
              Variable not in scope:
                parse :: Trisagion.Parser.Parser s0 e0 a1 -> t1 -> t
          
          <interactive>:232:17: error: [GHC-88464]
              Variable not in scope:
                matchOne :: Char -> Trisagion.Parser.Parser s0 e0 b1
          
          <interactive>:232:32: error: [GHC-88464]
              Variable not in scope:
                matchOne :: Char -> Trisagion.Parser.Parser s0 e0 c0
          
          <interactive>:232:47: error: [GHC-88464]
              Variable not in scope:
                first :: (f0 a0 -> f0 b0) -> t0 -> Trisagion.Parser.Parser s0 e0 a1
          
          <interactive>:232:59: error: [GHC-88464]
              Variable not in scope: absurd :: a0 -> b0
          
          <interactive>:232:67: error: [GHC-88464] Variable not in scope: one
          
          <interactive>:232:74: error: [GHC-88464]
              Variable not in scope: initialize :: String -> t1

[   0.49530] error: parse (pair one one) "0123"
[   0.49549] error: in comment at 133:1
expected: Right (('0','1'),"23")
 but got: 
          ^
          <interactive>:238:1: error: [GHC-88464]
              Variable not in scope:
                parse :: Trisagion.Parser.Parser s0 e0 (a0, b0) -> String -> t
          
          <interactive>:238:13: error: [GHC-88464]
              Variable not in scope: one :: Trisagion.Parser.Parser s0 e0 a0
          
          <interactive>:238:17: error: [GHC-88464]
              Variable not in scope: one :: Trisagion.Parser.Parser s0 e0 b0

[   0.50320] error: parse (count 2 one) "0123"
[   0.50335] error: in comment at 155:1
expected: Right ("01","23")
 but got: 
          ^
          <interactive>:244:1: error: [GHC-88464]
              Variable not in scope:
                parse :: Trisagion.Parser.Parser s0 e0 [a0] -> String -> t
          
          <interactive>:244:16: error: [GHC-88464]
              Variable not in scope: one :: Trisagion.Parser.Parser s0 e0 a0

[   0.51225] error: parse (choose one one) (initialize "0123")
[   0.51246] error: in comment at 181:1
expected: Right (Left '0',Counter 1 "123")
 but got: 
          ^
          <interactive>:250:1: error: [GHC-88464]
              Variable not in scope:
                parse
                  :: Trisagion.Parser.Parser s0 e0 (a0 Trisagion.Parser.:+: b0)
                     -> t0 -> t
          
          <interactive>:250:15: error: [GHC-88464]
              Variable not in scope: one :: Trisagion.Parser.Parser s0 e0 a0
          
          <interactive>:250:19: error: [GHC-88464]
              Variable not in scope: one :: Trisagion.Parser.Parser s0 e0 b0
          
          <interactive>:250:25: error: [GHC-88464]
              Variable not in scope: initialize :: String -> t0

[   0.52128] error: parse (many (satisfy ('{' /=))) (initialize "01{3")
[   0.52148] error: in comment at 208:1
expected: Right ("01",Counter 2 "{3")
 but got: 
          ^
          <interactive>:256:1: error: [GHC-88464]
              Variable not in scope:
                parse :: Trisagion.Parser.Parser s0 GHC.Base.Void [a0] -> t0 -> t
          
          <interactive>:256:14: error: [GHC-88464]
              Variable not in scope:
                satisfy :: (Char -> Bool) -> Trisagion.Parser.Parser s0 e0 a0
          
          <interactive>:256:34: error: [GHC-88464]
              Variable not in scope: initialize :: String -> t0

[   0.53006] error: parse (some (satisfy ('{' /=))) (initialize "01{3")
[   0.53030] error: in comment at 243:1
expected: Right ('0' :| "1",Counter 2 "{3")
 but got: 
          ^
          <interactive>:262:1: error: [GHC-88464]
              Variable not in scope:
                parse
                  :: Trisagion.Parser.Parser s0 e0 (GHC.Base.NonEmpty a0) -> t0 -> t
          
          <interactive>:262:14: error: [GHC-88464]
              Variable not in scope:
                satisfy :: (Char -> Bool) -> Trisagion.Parser.Parser s0 e0 a0
          
          <interactive>:262:34: error: [GHC-88464]
              Variable not in scope: initialize :: String -> t0

[   0.54113] error: parse (untilEnd (matchOne '}') (first (fmap absurd) one)) (initialize "01}3")
[   0.54137] error: in comment at 279:1
expected: Right ("01",Counter 2 "}3")
 but got: 
          ^
          <interactive>:268:1: error: [GHC-88464]
              Variable not in scope:
                parse :: Trisagion.Parser.Parser s0 GHC.Base.Void [a1] -> t1 -> t
          
          <interactive>:268:18: error: [GHC-88464]
              Variable not in scope:
                matchOne :: Char -> Trisagion.Parser.Parser s0 e0 b1
          
          <interactive>:268:33: error: [GHC-88464]
              Variable not in scope:
                first :: (f0 a0 -> f0 b0) -> t0 -> Trisagion.Parser.Parser s0 e0 a1
          
          <interactive>:268:45: error: [GHC-88464]
              Variable not in scope: absurd :: a0 -> b0
          
          <interactive>:268:53: error: [GHC-88464] Variable not in scope: one
          
          <interactive>:268:60: error: [GHC-88464]
              Variable not in scope: initialize :: String -> t1

[   0.55239] error: parse (manyTillEnd (matchOne '}') (first (fmap absurd) one)) (initialize "01}3")
[   0.55266] error: in comment at 304:1
expected: Right ('0' :| "1}",Counter 3 "3")
 but got: 
          ^
          <interactive>:274:1: error: [GHC-88464]
              Variable not in scope:
                parse
                  :: Trisagion.Parser.Parser s0 e0 (GHC.Base.NonEmpty a1) -> t1 -> t
          
          <interactive>:274:21: error: [GHC-88464]
              Variable not in scope:
                matchOne :: Char -> Trisagion.Parser.Parser s0 e0 a1
          
          <interactive>:274:36: error: [GHC-88464]
              Variable not in scope:
                first :: (f0 a0 -> f0 b0) -> t0 -> Trisagion.Parser.Parser s0 e0 a1
          
          <interactive>:274:48: error: [GHC-88464]
              Variable not in scope: absurd :: a0 -> b0
          
          <interactive>:274:56: error: [GHC-88464] Variable not in scope: one
          
          <interactive>:274:63: error: [GHC-88464]
              Variable not in scope: initialize :: String -> t1

[   0.56389] error: parse (sepBy1 (matchOne ',') (first (fmap absurd) one)) (initialize "0,1,2,345")
[   0.56418] error: in comment at 341:1
expected: Right ('0' :| "123",Counter 7 "45")
 but got: 
          ^
          <interactive>:280:1: error: [GHC-88464]
              Variable not in scope:
                parse
                  :: Trisagion.Parser.Parser s0 e0 (GHC.Base.NonEmpty b1) -> t1 -> t
          
          <interactive>:280:16: error: [GHC-88464]
              Variable not in scope:
                matchOne :: Char -> Trisagion.Parser.Parser s0 e0 a1
          
          <interactive>:280:31: error: [GHC-88464]
              Variable not in scope:
                first :: (f0 a0 -> f0 b0) -> t0 -> Trisagion.Parser.Parser s0 e0 b1
          
          <interactive>:280:43: error: [GHC-88464]
              Variable not in scope: absurd :: a0 -> b0
          
          <interactive>:280:51: error: [GHC-88464] Variable not in scope: one
          
          <interactive>:280:58: error: [GHC-88464]
              Variable not in scope: initialize :: String -> t1

[   0.59281] doctest.summary: 
Total:       100; Tried:   60; Skipped:   40; Success:   49; Errors:   11; Failures    0
Examples:     84; Tried:   60; Skipped:   24; Success:   49; Errors:   11; Failures    0
Properties:   16; Tried:    0; Skipped:   16; Success:    0; Errors:    0; Failures    0

[   0.59370] error: there were errors or property failures
